#
# A fatal error has been detected by the Java Runtime Environment:
#
#  EXCEPTION_ACCESS_VIOLATION (0xc0000005) at pc=0x000000006d0f9e9d, pid=8308, tid=1236
#
# JRE version: 6.0_23-b05
# Java VM: Java HotSpot(TM) 64-Bit Server VM (19.0-b09 mixed mode windows-amd64 compressed oops)
# Problematic frame:
# C  [awt.dll+0xf9e9d]
#
# If you would like to submit a bug report, please visit:
#   http://java.sun.com/webapps/bugreport/crash.jsp
# The crash happened outside the Java Virtual Machine in native code.
# See problematic frame for where to report the bug.
#

---------------  T H R E A D  ---------------

Current thread (0x000000000654e800):  JavaThread "AWT-Windows" daemon [_thread_in_native, id=1236, stack(0x0000000007ca0000,0x0000000007da0000)]

siginfo: ExceptionCode=0xc0000005, reading address 0x0000000000000000

Registers:
RAX=0x0000000000002000, RBX=0x00000000065f9ef0, RCX=0x0000000000000000, RDX=0x0000000000000392
RSP=0x0000000007d9f3a0, RBP=0x0000000000000000, RSI=0x000000000000000c, RDI=0x0000000000000000
R8=0x000000000000000c, R9=0x0000000000001000, R10=0x0000000000000000, R11=0x000000006de46520
R12=0x0000000000000000, R13=0x000000077c1e34b8, R14=0x0000000007d9f638, R15=0x000000000654e800
RIP=0x000000006d0f9e9d, EFLAGS=0x0000000000010202

Register to memory mapping:

RAX=0x0000000000002000
0x0000000000002000 is pointing to unknown location

RBX=0x00000000065f9ef0
0x00000000065f9ef0 is pointing to unknown location

RCX=0x0000000000000000
0x0000000000000000 is pointing to unknown location

RDX=0x0000000000000392
0x0000000000000392 is pointing to unknown location

RSP=0x0000000007d9f3a0
0x0000000007d9f3a0 is pointing into the stack for thread: 0x000000000654e800
"AWT-Windows" daemon prio=6 tid=0x000000000654e800 nid=0x4d4 runnable [0x0000000007d9f000]
   java.lang.Thread.State: RUNNABLE

RBP=0x0000000000000000
0x0000000000000000 is pointing to unknown location

RSI=0x000000000000000c
0x000000000000000c is pointing to unknown location

RDI=0x0000000000000000
0x0000000000000000 is pointing to unknown location

R8 =0x000000000000000c
0x000000000000000c is pointing to unknown location

R9 =0x0000000000001000
0x0000000000001000 is pointing to unknown location

R10=0x0000000000000000
0x0000000000000000 is pointing to unknown location

R11=0x000000006de46520
0x000000006de46520 is pointing to unknown location

R12=0x0000000000000000
0x0000000000000000 is pointing to unknown location

R13=0x000000077c1e34b8
{method} 
 - klass: {other class}

R14=0x0000000007d9f638
0x0000000007d9f638 is pointing into the stack for thread: 0x000000000654e800
"AWT-Windows" daemon prio=6 tid=0x000000000654e800 nid=0x4d4 runnable [0x0000000007d9f000]
   java.lang.Thread.State: RUNNABLE

R15=0x000000000654e800
"AWT-Windows" daemon prio=6 tid=0x000000000654e800 nid=0x4d4 runnable [0x0000000007d9f000]
   java.lang.Thread.State: RUNNABLE


Top of Stack: (sp=0x0000000007d9f3a0)
0x0000000007d9f3a0:   0000000007d9f478 00000000777d2094
0x0000000007d9f3b0:   000000006d0d0860 000007fefe311574
0x0000000007d9f3c0:   000007fefe4a4e40 0000000000000000
0x0000000007d9f3d0:   0000000000000000 0000000000000000
0x0000000007d9f3e0:   0000000000000000 000000006da3d8f8
0x0000000007d9f3f0:   0000000000000000 000000006d0ed95b
0x0000000007d9f400:   0000000006538b30 0000000000000004
0x0000000007d9f410:   0000000000000001 0000000000000000
0x0000000007d9f420:   000000000654e9c8 000000006d0eda5b
0x0000000007d9f430:   0000000000000000 000000006d0d119c
0x0000000007d9f440:   0000000006538b30 0000000000000000
0x0000000007d9f450:   000000000654e9c8 000000006d0edb98
0x0000000007d9f460:   fffff88000000082 0000000006538b30
0x0000000007d9f470:   0000000000000001 0000000000000000
0x0000000007d9f480:   0000000006538b30 000000006d081aee
0x0000000007d9f490:   00000000003506e0 0000000007d9f618 

Instructions: (pc=0x000000006d0f9e9d)
0x000000006d0f9e8d:   20 00 00 41 b9 00 10 00 00 44 8b c6 44 0f 44 c8
0x000000006d0f9e9d:   48 8b 01 41 c1 e0 05 44 89 4c 24 20 4c 8d 4c 24 


Stack: [0x0000000007ca0000,0x0000000007da0000],  sp=0x0000000007d9f3a0,  free space=1020k
Native frames: (J=compiled Java code, j=interpreted, Vv=VM code, C=native code)
C  [awt.dll+0xf9e9d]

[error occurred during error reporting (printing native stack), id 0xc0000005]

Java frames: (J=compiled Java code, j=interpreted, Vv=VM code)
j  sun.awt.windows.WToolkit.eventLoop()V+0
j  sun.awt.windows.WToolkit.run()V+52
j  java.lang.Thread.run()V+11
v  ~StubRoutines::call_stub

---------------  P R O C E S S  ---------------

Java Threads: ( => current thread )
  0x000000000e1fa800 JavaThread "Thread-1" daemon [_thread_in_native, id=4804, stack(0x00000000083a0000,0x00000000084a0000)]
  0x000000000bccf800 JavaThread "TimerQueue" daemon [_thread_blocked, id=8260, stack(0x0000000007da0000,0x0000000007ea0000)]
  0x00000000006ec000 JavaThread "DestroyJavaVM" [_thread_blocked, id=10592, stack(0x0000000002230000,0x0000000002330000)]
  0x0000000006638800 JavaThread "AWT-EventQueue-0" [_thread_blocked, id=10428, stack(0x000000000b4b0000,0x000000000b5b0000)]
=>0x000000000654e800 JavaThread "AWT-Windows" daemon [_thread_in_native, id=1236, stack(0x0000000007ca0000,0x0000000007da0000)]
  0x000000000654c000 JavaThread "AWT-Shutdown" [_thread_blocked, id=10548, stack(0x0000000007ba0000,0x0000000007ca0000)]
  0x0000000006549000 JavaThread "Java2D Disposer" daemon [_thread_blocked, id=11196, stack(0x0000000007aa0000,0x0000000007ba0000)]
  0x00000000064fc800 JavaThread "Low Memory Detector" daemon [_thread_blocked, id=13420, stack(0x00000000075e0000,0x00000000076e0000)]
  0x00000000064f6000 JavaThread "CompilerThread1" daemon [_thread_blocked, id=4612, stack(0x00000000074e0000,0x00000000075e0000)]
  0x00000000064eb000 JavaThread "CompilerThread0" daemon [_thread_blocked, id=12316, stack(0x00000000073e0000,0x00000000074e0000)]
  0x00000000064ea000 JavaThread "Attach Listener" daemon [_thread_blocked, id=10292, stack(0x00000000072e0000,0x00000000073e0000)]
  0x00000000064e9000 JavaThread "Signal Dispatcher" daemon [_thread_blocked, id=10364, stack(0x00000000071e0000,0x00000000072e0000)]
  0x0000000006496000 JavaThread "Finalizer" daemon [_thread_blocked, id=11156, stack(0x00000000070e0000,0x00000000071e0000)]
  0x000000000648d800 JavaThread "Reference Handler" daemon [_thread_blocked, id=12396, stack(0x0000000006fe0000,0x00000000070e0000)]

Other Threads:
  0x0000000006488000 VMThread [stack: 0x0000000006ee0000,0x0000000006fe0000] [id=12188]
  0x0000000006510800 WatcherThread [stack: 0x00000000076e0000,0x00000000077e0000] [id=13872]

VM state:not at safepoint (normal execution)

VM Mutex/Monitor currently owned by a thread: None

Heap
 PSYoungGen      total 37952K, used 9377K [0x00000007d5ab0000, 0x00000007d8500000, 0x0000000800000000)
  eden space 32576K, 15% used [0x00000007d5ab0000,0x00000007d5fb2350,0x00000007d7a80000)
  from space 5376K, 79% used [0x00000007d7a80000,0x00000007d7ea61f8,0x00000007d7fc0000)
  to   space 5376K, 0% used [0x00000007d7fc0000,0x00000007d7fc0000,0x00000007d8500000)
 PSOldGen        total 86720K, used 7391K [0x0000000781000000, 0x00000007864b0000, 0x00000007d5ab0000)
  object space 86720K, 8% used [0x0000000781000000,0x0000000781737e50,0x00000007864b0000)
 PSPermGen       total 21248K, used 12614K [0x000000077be00000, 0x000000077d2c0000, 0x0000000781000000)
  object space 21248K, 59% used [0x000000077be00000,0x000000077ca519e8,0x000000077d2c0000)

Dynamic libraries:
0x0000000000400000 - 0x000000000042e000 	C:\Windows\system32\java.exe
0x0000000077ad0000 - 0x0000000077c7c000 	C:\Windows\SYSTEM32\ntdll.dll
0x00000000776a0000 - 0x00000000777bf000 	C:\Windows\system32\kernel32.dll
0x000007fefe090000 - 0x000007fefe0fc000 	C:\Windows\system32\KERNELBASE.dll
0x000007feffbf0000 - 0x000007feffccb000 	C:\Windows\system32\ADVAPI32.dll
0x000007feff770000 - 0x000007feff80f000 	C:\Windows\system32\msvcrt.dll
0x000007feffdc0000 - 0x000007feffddf000 	C:\Windows\SYSTEM32\sechost.dll
0x000007feff8a0000 - 0x000007feff9ce000 	C:\Windows\system32\RPCRT4.dll
0x000007fefde10000 - 0x000007fefde67000 	C:\Windows\system32\apphelp.dll
0x000007fef79f0000 - 0x000007fef7a41000 	C:\Windows\AppPatch\AppPatch64\AcGenral.DLL
0x000007fefdde0000 - 0x000007fefde05000 	C:\Windows\system32\SspiCli.dll
0x000007feffd40000 - 0x000007feffdb1000 	C:\Windows\system32\SHLWAPI.dll
0x000007feffcd0000 - 0x000007feffd37000 	C:\Windows\system32\GDI32.dll
0x00000000777c0000 - 0x00000000778ba000 	C:\Windows\system32\USER32.dll
0x000007feff890000 - 0x000007feff89e000 	C:\Windows\system32\LPK.dll
0x000007feff6a0000 - 0x000007feff76a000 	C:\Windows\system32\USP10.dll
0x000007fefe340000 - 0x000007fefe542000 	C:\Windows\system32\ole32.dll
0x000007fefe550000 - 0x000007feff2d6000 	C:\Windows\system32\SHELL32.dll
0x00000000742e0000 - 0x00000000742e3000 	C:\Windows\system32\sfc.dll
0x000007fef9950000 - 0x000007fef9960000 	C:\Windows\system32\sfc_os.DLL
0x000007fefd230000 - 0x000007fefd24e000 	C:\Windows\system32\USERENV.dll
0x000007fefdf40000 - 0x000007fefdf4f000 	C:\Windows\system32\profapi.dll
0x000007fefc1e0000 - 0x000007fefc1f8000 	C:\Windows\system32\dwmapi.dll
0x000007fefca40000 - 0x000007fefca58000 	C:\Windows\system32\MPR.dll
0x000007fefe310000 - 0x000007fefe33e000 	C:\Windows\system32\IMM32.DLL
0x000007feffa90000 - 0x000007feffb99000 	C:\Windows\system32\MSCTF.dll
0x000000006d7f0000 - 0x000000006dee0000 	C:\Program Files\Java\jre6\bin\server\jvm.dll
0x000007fefbf50000 - 0x000007fefbf8b000 	C:\Windows\system32\WINMM.dll
0x000000006d760000 - 0x000000006d76e000 	C:\Program Files\Java\jre6\bin\verify.dll
0x000000006d3b0000 - 0x000000006d3d7000 	C:\Program Files\Java\jre6\bin\java.dll
0x000000006d310000 - 0x000000006d31a000 	C:\Program Files\Java\jre6\bin\hpi.dll
0x0000000077ca0000 - 0x0000000077ca7000 	C:\Windows\system32\PSAPI.DLL
0x000000006d7b0000 - 0x000000006d7c2000 	C:\Program Files\Java\jre6\bin\zip.dll
0x000000006d000000 - 0x000000006d1c3000 	C:\Program Files\Java\jre6\bin\awt.dll
0x000007fefb1e0000 - 0x000007fefb250000 	C:\Windows\system32\WINSPOOL.DRV
0x000007fefc7f0000 - 0x000007fefc9e4000 	C:\Windows\WinSxS\amd64_microsoft.windows.common-controls_6595b64144ccf1df_6.0.7600.16661_none_fa62ad231704eab7\COMCTL32.dll
0x000007fefc5c0000 - 0x000007fefc616000 	C:\Windows\system32\uxtheme.dll
0x000007fefde70000 - 0x000007fefde7f000 	C:\Windows\system32\CRYPTBASE.dll
0x000000006d2a0000 - 0x000000006d306000 	C:\Program Files\Java\jre6\bin\fontmanager.dll
0x000007fee8310000 - 0x000007fee850f000 	C:\Windows\system32\d3d9.dll
0x000007fefd040000 - 0x000007fefd04c000 	C:\Windows\system32\VERSION.dll
0x000007fefcaf0000 - 0x000007fefcaf7000 	C:\Windows\system32\d3d8thk.dll
0x000007fee76c0000 - 0x000007fee830d000 	C:\Windows\system32\nvd3dumx.dll
0x000007fefc9f0000 - 0x000007fefca1c000 	C:\Windows\system32\powrprof.dll
0x000007feff4b0000 - 0x000007feff687000 	C:\Windows\system32\SETUPAPI.dll
0x000007fefe050000 - 0x000007fefe086000 	C:\Windows\system32\CFGMGR32.dll
0x000007feff2e0000 - 0x000007feff3b7000 	C:\Windows\system32\OLEAUT32.dll
0x000007fefe030000 - 0x000007fefe04a000 	C:\Windows\system32\DEVOBJ.dll
0x000000006d600000 - 0x000000006d617000 	C:\Program Files\Java\jre6\bin\net.dll
0x000007feff460000 - 0x000007feff4ad000 	C:\Windows\system32\WS2_32.dll
0x000007feff690000 - 0x000007feff698000 	C:\Windows\system32\NSI.dll
0x000007fefd7b0000 - 0x000007fefd804000 	C:\Windows\system32\mswsock.dll
0x000007fefd7a0000 - 0x000007fefd7a7000 	C:\Windows\System32\wship6.dll
0x000000006d620000 - 0x000000006d62b000 	C:\Program Files\Java\jre6\bin\nio.dll
0x0000000010000000 - 0x0000000010065000 	C:\Program Files\WIDCOMM\Bluetooth Software\btmmhook.dll
0x000007feff9d0000 - 0x000007feffa69000 	C:\Windows\system32\CLBCatQ.DLL
0x000007fefd110000 - 0x000007fefd117000 	C:\Windows\System32\wshtcpip.dll

VM Arguments:
java_command: org.apache.ws.commons.tcpmon.TCPMon
Launcher Type: SUN_STANDARD

Environment Variables:
JAVA_HOME=C:\Program Files\Java\jdk1.6.0_23
CLASSPATH=.;C:\Program Files (x86)\Java\jre6\lib\ext\QTJava.zip
PATH=C:\Program Files (x86)\NVIDIA Corporation\PhysX\Common;C:\Program Files\Common Files\Microsoft Shared\Windows Live;C:\Program Files (x86)\Common Files\Microsoft Shared\Windows Live;C:\Windows\system32;C:\Windows;C:\Windows\System32\Wbem;C:\Windows\System32\WindowsPowerShell\v1.0\;C:\Program Files\Intel\WiFi\bin\;C:\Program Files\Common Files\Intel\WirelessCommon\;c:\Program Files\WIDCOMM\Bluetooth Software\;c:\Program Files\WIDCOMM\Bluetooth Software\syswow64;c:\Program Files (x86)\Common Files\Roxio Shared\10.0\DLLShared\;c:\Program Files (x86)\Common Files\Roxio Shared\DLLShared\;C:\Program Files (x86)\Windows Live\Shared;C:\Program Files (x86)\Common Files\Autodesk Shared\;c:\Program Files (x86)\Microsoft SQL Server\100\Tools\Binn\;c:\Program Files\Microsoft SQL Server\100\Tools\Binn\;c:\Program Files\Microsoft SQL Server\100\DTS\Binn\;C:\Program Files (x86)\CMake 2.8\bin;C:\Program Files (x86)\Groovy\Groovy-1.7.10\bin;C:\Program Files (x86)\grails-1.3.7\bin;C:\Program Files\TortoiseSVN\bin;C:\Program Files (x86)\QuickTime\QTSystem\;C:\Program Files (x86)\SSH Communications Security\SSH Secure Shell
USERNAME=juan
OS=Windows_NT
PROCESSOR_IDENTIFIER=Intel64 Family 6 Model 30 Stepping 5, GenuineIntel



---------------  S Y S T E M  ---------------

OS: Windows 7 Build 7600 

CPU:total 8 (4 cores per cpu, 2 threads per core) family 6 model 30 stepping 5, cmov, cx8, fxsr, mmx, sse, sse2, sse3, ssse3, sse4.1, sse4.2, popcnt, ht

Memory: 4k page, physical 8319364k(3876064k free), swap 16636828k(8389544k free)

vm_info: Java HotSpot(TM) 64-Bit Server VM (19.0-b09) for windows-amd64 JRE (1.6.0_23-b05), built on Nov 13 2010 02:43:42 by "java_re" with MS VC++ 8.0 (VS2005)

time: Tue Jan 17 13:04:55 2012
elapsed time: 83686 seconds

